<?xml version="1.0" encoding="UTF-8"?>
<coverage generated="1493670554064" clover="3.2.0">
  <project timestamp="1493670554064" name="All files">
    <metrics statements="13" coveredstatements="12" conditionals="0" coveredconditionals="0" methods="6" coveredmethods="5" elements="19" coveredelements="17" complexity="0" loc="13" ncloc="13" packages="1" files="2" classes="2">
      <file name="example.js" path="C:\Users\shoaibB\Desktop\TechGuruTutorials\UnitTestTutorial\example.js">
        <metrics statements="1" coveredstatements="0" conditionals="0" coveredconditionals="0" methods="1" coveredmethods="0"/>
        <line num="1" count="0" type="stmt"/>
      </file>
      <file name="util.js" path="C:\Users\shoaibB\Desktop\TechGuruTutorials\UnitTestTutorial\util.js">
        <metrics statements="12" coveredstatements="12" conditionals="0" coveredconditionals="0" methods="5" coveredmethods="5"/>
        <line num="1" count="1" type="stmt"/>
        <line num="2" count="1" type="stmt"/>
        <line num="5" count="1" type="stmt"/>
        <line num="6" count="1" type="stmt"/>
        <line num="7" count="2" type="stmt"/>
        <line num="11" count="1" type="stmt"/>
        <line num="13" count="1" type="stmt"/>
        <line num="15" count="1" type="stmt"/>
        <line num="17" count="1" type="stmt"/>
        <line num="21" count="1" type="stmt"/>
        <line num="24" count="1" type="stmt"/>
        <line num="27" count="1" type="stmt"/>
      </file>
    </metrics>
  </project>
</coverage>
