{"C:\\Users\\shoaibB\\Desktop\\TechGuruTutorials\\UnitTestTutorial\\example.js": {"path":"C:\\Users\\shoaibB\\Desktop\\TechGuruTutorials\\UnitTestTutorial\\example.js","statementMap":{"0":{"start":{"line":1,"column":27},"end":{"line":1,"column":48}}},"fnMap":{"0":{"name":"example","decl":{"start":{"line":1,"column":36},"end":{"line":1,"column":43}},"loc":{"start":{"line":1,"column":46},"end":{"line":1,"column":48}},"line":1}},"branchMap":{},"s":{"0":0},"f":{"0":0},"b":{}}
,"C:\\Users\\shoaibB\\Desktop\\TechGuruTutorials\\UnitTestTutorial\\util.js": {"path":"C:\\Users\\shoaibB\\Desktop\\TechGuruTutorials\\UnitTestTutorial\\util.js","statementMap":{"0":{"start":{"line":1,"column":20},"end":{"line":3,"column":1}},"1":{"start":{"line":2,"column":1},"end":{"line":2,"column":31}},"2":{"start":{"line":5,"column":25},"end":{"line":9,"column":1}},"3":{"start":{"line":6,"column":2},"end":{"line":8,"column":4}},"4":{"start":{"line":7,"column":3},"end":{"line":7,"column":21}},"5":{"start":{"line":11,"column":25},"end":{"line":19,"column":1}},"6":{"start":{"line":13,"column":16},"end":{"line":13,"column":28}},"7":{"start":{"line":15,"column":2},"end":{"line":15,"column":26}},"8":{"start":{"line":17,"column":2},"end":{"line":17,"column":17}},"9":{"start":{"line":21,"column":29},"end":{"line":25,"column":1}},"10":{"start":{"line":24,"column":1},"end":{"line":24,"column":33}},"11":{"start":{"line":27,"column":0},"end":{"line":32,"column":1}}},"fnMap":{"0":{"name":"(anonymous_0)","decl":{"start":{"line":1,"column":20},"end":{"line":1,"column":21}},"loc":{"start":{"line":1,"column":42},"end":{"line":3,"column":1}},"line":1},"1":{"name":"(anonymous_1)","decl":{"start":{"line":5,"column":25},"end":{"line":5,"column":26}},"loc":{"start":{"line":5,"column":45},"end":{"line":9,"column":1}},"line":5},"2":{"name":"(anonymous_2)","decl":{"start":{"line":6,"column":21},"end":{"line":6,"column":22}},"loc":{"start":{"line":6,"column":41},"end":{"line":8,"column":3}},"line":6},"3":{"name":"(anonymous_3)","decl":{"start":{"line":11,"column":25},"end":{"line":11,"column":26}},"loc":{"start":{"line":11,"column":53},"end":{"line":19,"column":1}},"line":11},"4":{"name":"(anonymous_4)","decl":{"start":{"line":21,"column":29},"end":{"line":21,"column":30}},"loc":{"start":{"line":21,"column":53},"end":{"line":25,"column":1}},"line":21}},"branchMap":{},"s":{"0":1,"1":1,"2":1,"3":1,"4":2,"5":1,"6":1,"7":1,"8":1,"9":1,"10":1,"11":1},"f":{"0":1,"1":1,"2":2,"3":1,"4":1},"b":{},"_coverageSchema":"332fd63041d2c1bcb487cc26dd0d5f7d97098a6c","hash":"1238046975abf4d410bbd308fa1f4ac912272ed7"}
}
