TN:
SF:C:\Users\shoaibB\Desktop\TechGuruTutorials\UnitTestTutorial\example.js
FN:1,example
FNF:1
FNH:0
FNDA:0,example
DA:1,0
LF:1
LH:0
BRF:0
BRH:0
end_of_record
TN:
SF:C:\Users\shoaibB\Desktop\TechGuruTutorials\UnitTestTutorial\util.js
FN:1,(anonymous_0)
FN:5,(anonymous_1)
FN:6,(anonymous_2)
FN:11,(anonymous_3)
FN:21,(anonymous_4)
FNF:5
FNH:5
FNDA:1,(anonymous_0)
FNDA:1,(anonymous_1)
FNDA:2,(anonymous_2)
FNDA:1,(anonymous_3)
FNDA:1,(anonymous_4)
DA:1,1
DA:2,1
DA:5,1
DA:6,1
DA:7,2
DA:11,1
DA:13,1
DA:15,1
DA:17,1
DA:21,1
DA:24,1
DA:27,1
LF:12
LH:12
BRF:0
BRH:0
end_of_record
